yarn run v1.22.22
$ storybook build --output-dir C:\Users\12192\AppData\Local\Temp\chromatic--25968-HyAxaAszggI7
@storybook/cli v8.0.4

info => Cleaning outputDir: C:\Users\12192\AppData\Local\Temp\chromatic--25968-HyAxaAszggI7
info => Loading presets
info => Building manager..
info => Manager built (584 ms)
info => Building preview..
WARN No story files found for the specified pattern: src\**\*.mdx
info => Loading Webpack configuration from `node_modules\react-scripts`
info => Removing existing JavaScript and TypeScript rules.
info => Modifying Create React App rules.
info Addon-docs: using MDX3
info => Using default Webpack5 setup
info => Copying static files: public at C:\Users\12192\AppData\Local\Temp\chromatic--25968-HyAxaAszggI7
info Using tsconfig paths for react-docgen
WARN [eslint] 
WARN src\components\Button\button.tsx
WARN   Line 57:7:   The href attribute requires a valid value to be accessible. Provide a valid, navigable address as the href value. If you cannot provide a valid href, but still need the element to resemble a link, use a button and change it with appropriate styles. Learn more: https://github.com/jsx-eslint/eslint-plugin-jsx-a11y/blob/HEAD/docs/rules/anchor-is-valid.md  jsx-a11y/anchor-is-valid
WARN   Line 59:34:  Script URL is a form of eval                                                                                                                                                                                                                                                                                                                                       no-script-url
WARN 
WARN 
WARN asset size limit: The following asset(s) exceed the recommended size limit (244 KiB).
WARN This can impact web performance.
WARN Assets: 
WARN   841.57ecc28f.iframe.bundle.js (1.52 MiB)
WARN   589.335e6ada.iframe.bundle.js (627 KiB)
WARN entrypoint size limit: The following entrypoint(s) combined asset size exceeds the recommended limit (244 KiB). This can impact web performance.
WARN Entrypoints:
WARN   main (1.54 MiB)
WARN       runtime~main.750a0469.iframe.bundle.js
WARN       841.57ecc28f.iframe.bundle.js
WARN       main.15e80ac1.iframe.bundle.js
WARN       static/css/main.0c6c1f45.css
WARN 
info => Preview built (1.9 min)
info => Output directory: C:\Users\12192\AppData\Local\Temp\chromatic--25968-HyAxaAszggI7
Done in 164.67s.
